<?xml version="1.0" encoding="UTF-8"?>
<!-- Generated by org.testng.reporters.JUnitXMLReporter -->
<testsuite hostname="HannibalDev14VM" name="Collections/Associations" tests="36" failures="0" timestamp="9 Sep 2017 07:20:46 GMT" time="46.613" errors="0">
  <testcase name="storeLoadCollection" time="0.031" classname="org.jpwh.test.collections.BagOfEmbeddables"/>
  <testcase name="storeLoadCategoryItems" time="0.031" classname="org.jpwh.test.associations.ManyToManyBidirectional"/>
  <testcase name="storeLoadCollection" time="0.0" classname="org.jpwh.test.collections.BagOfStrings"/>
  <testcase name="storeLoadCategoryItems" time="0.032" classname="org.jpwh.test.associations.ManyToManyLinkEntity"/>
  <testcase name="storeLoadCollection" time="0.0" classname="org.jpwh.test.collections.BagOfStringsOrderBy"/>
  <testcase name="storeLoadCategoryItems" time="0.031" classname="org.jpwh.test.associations.ManyToManyTernary"/>
  <testcase name="storeLoadCollection" time="0.015" classname="org.jpwh.test.collections.EmbeddableSetOfStrings"/>
  <testcase name="storeAndLoadItemBids" time="0.032" classname="org.jpwh.test.associations.MapsMapKey"/>
  <testcase name="storeLoadCollection" time="0.015" classname="org.jpwh.test.collections.ListOfStrings"/>
  <testcase name="storeLoadCategoryItems" time="0.016" classname="org.jpwh.test.associations.MapsTernary"/>
  <testcase name="storeLoadCollection" time="0.031" classname="org.jpwh.test.collections.MapOfEmbeddables"/>
  <testcase name="storeAndLoadItemBids" time="0.016" classname="org.jpwh.test.associations.OneToManyBag"/>
  <testcase name="storeLoadCollection" time="0.015" classname="org.jpwh.test.collections.MapOfStrings"/>
  <testcase name="storeAndLoadItemBids" time="0.032" classname="org.jpwh.test.associations.OneToManyBidirectional"/>
  <testcase name="storeLoadCollection" time="0.032" classname="org.jpwh.test.collections.MapOfStringsEmbeddables"/>
  <testcase name="storeAndLoadItemBids" time="0.016" classname="org.jpwh.test.associations.OneToManyCascadePersist"/>
  <testcase name="storeLoadCollection" time="0.0" classname="org.jpwh.test.collections.MapOfStringsOrderBy"/>
  <testcase name="storeAndLoadItemBids" time="0.016" classname="org.jpwh.test.associations.OneToManyCascadeRemove"/>
  <testcase name="storeLoadCollection" time="0.015" classname="org.jpwh.test.collections.SetOfEmbeddables"/>
  <testcase name="storeAndLoadUsersShipments" time="0.0" classname="org.jpwh.test.associations.OneToManyEmbeddable"/>
  <testcase name="storeLoadCollection" time="0.015" classname="org.jpwh.test.collections.SetOfEmbeddablesOrderBy"/>
  <testcase name="storeAndLoadUsersShipments" time="0.016" classname="org.jpwh.test.associations.OneToManyEmbeddableJoinTable"/>
  <testcase name="storeLoadCollection" time="0.016" classname="org.jpwh.test.collections.SetOfStrings"/>
  <testcase name="storeAndLoadItemUsers" time="0.015" classname="org.jpwh.test.associations.OneToManyJoinTable"/>
  <testcase name="storeLoadCollection" time="0.0" classname="org.jpwh.test.collections.SetOfStringsOrderBy"/>
  <testcase name="storeAndLoadItemBids" time="0.0" classname="org.jpwh.test.associations.OneToManyList"/>
  <testcase name="storeLoadCollection" time="0.016" classname="org.jpwh.test.collections.SortedMapOfStrings"/>
  <testcase name="storeAndLoadItemBids" time="0.016" classname="org.jpwh.test.associations.OneToManyOnDeleteCascade"/>
  <testcase name="storeLoadCollection" time="0.0" classname="org.jpwh.test.collections.SortedSetOfStrings"/>
  <testcase name="storeAndLoadItemBids" time="0.015" classname="org.jpwh.test.associations.OneToManyOrphanRemoval"/>
  <testcase name="storeAndLoadUserAddress" time="0.0" classname="org.jpwh.test.associations.OneToOneForeignGenerator"/>
  <testcase name="storeAndLoadUserAddress" time="0.0" classname="org.jpwh.test.associations.OneToOneForeignKey"/>
  <testcase name="storeNonUniqueRelationship" time="0.016" classname="org.jpwh.test.associations.OneToOneForeignKey"/>
  <testcase name="storeAndLoadUserAddress" time="0.016" classname="org.jpwh.test.associations.OneToOneJoinTable"/>
  <testcase name="storeNonUniqueRelationship" time="0.032" classname="org.jpwh.test.associations.OneToOneJoinTable"/>
  <testcase name="storeAndLoadUserAddress" time="0.0" classname="org.jpwh.test.associations.OneToOneSharedPrimaryKey"/>
</testsuite> <!-- Collections/Associations -->
