<?xml version="1.0" encoding="UTF-8"?>
<!-- Generated by org.testng.reporters.JUnitXMLReporter -->
<testsuite hostname="HannibalDev14VM" name="Complex Schemas" tests="14" failures="0" timestamp="9 Sep 2017 07:21:05 GMT" time="18.455" errors="0">
  <testcase name="storeLoad" time="0.0" classname="org.jpwh.test.complexschemas.CompositeKeyEmbeddedId"/>
  <testcase name="storeLoad" time="0.016" classname="org.jpwh.test.complexschemas.CompositeKeyManyToOne"/>
  <testcase name="storeLoad" time="0.016" classname="org.jpwh.test.complexschemas.CompositeKeyMapsId"/>
  <testcase name="storeLoad" time="0.0" classname="org.jpwh.test.complexschemas.CompositeKeyReadOnly"/>
  <testcase name="configurePersistenceUnit" time="0.0" classname="org.jpwh.test.complexschemas.CustomSchema"/>
  <testcase name="storeLoadCheckColumnInvalid" time="0.0" classname="org.jpwh.test.complexschemas.CustomSchema"/>
  <testcase name="storeLoadCheckSingleRowInvalid" time="0.016" classname="org.jpwh.test.complexschemas.CustomSchema"/>
  <testcase name="storeLoadCheckSubselectValid" time="0.016" classname="org.jpwh.test.complexschemas.CustomSchema"/>
  <testcase name="storeLoadDomainInvalid" time="0.016" classname="org.jpwh.test.complexschemas.CustomSchema"/>
  <testcase name="storeLoadUniqueMultiColumnValid" time="0.016" classname="org.jpwh.test.complexschemas.CustomSchema"/>
  <testcase name="storeLoadValid" time="0.0" classname="org.jpwh.test.complexschemas.CustomSchema"/>
  <testcase name="storeLoad" time="0.016" classname="org.jpwh.test.complexschemas.NaturalForeignKey"/>
  <testcase name="storeLoad" time="0.0" classname="org.jpwh.test.complexschemas.NaturalPrimaryKey"/>
  <testcase name="storeAndLoadUsers" time="0.0" classname="org.jpwh.test.complexschemas.SecondaryTable"/>
</testsuite> <!-- Complex Schemas -->
