<?xml version="1.0" encoding="UTF-8"?>
<!-- Generated by org.testng.reporters.JUnitXMLReporter -->
<testsuite hostname="HannibalDev14VM" name="Concurrency Control" tests="12" failures="1" timestamp="9 Sep 2017 07:21:23 GMT" time="17.689" errors="0">
  <testcase name="extendedLock" time="0.015" classname="org.jpwh.test.concurrency.Locking"/>
  <testcase name="findLock" time="0.016" classname="org.jpwh.test.concurrency.Locking"/>
  <testcase name="pessimisticReadWrite" time="2.078" classname="org.jpwh.test.concurrency.Locking"/>
  <testcase name="firstCommitWins" time="0.016" classname="org.jpwh.test.concurrency.Locking"/>
  <testcase name="forceIncrement" time="0.031" classname="org.jpwh.test.concurrency.Locking"/>
  <testcase name="manualVersionChecking" time="0.047" classname="org.jpwh.test.concurrency.Locking"/>
  <testcase name="firstCommitWins" time="0.015" classname="org.jpwh.test.concurrency.Versioning"/>
  <testcase name="forceIncrement" time="0.031" classname="org.jpwh.test.concurrency.Versioning"/>
  <testcase name="manualVersionChecking" time="0.047" classname="org.jpwh.test.concurrency.Versioning"/>
  <testcase name="firstCommitWins" time="0.015" classname="org.jpwh.test.concurrency.VersioningAll"/>
  <testcase name="firstCommitWins" time="0.0" classname="org.jpwh.test.concurrency.VersioningTimestamp">
    <failure type="org.testng.TestException" message="
Expected exception javax.persistence.OptimisticLockException but got org.testng.TestException: 
Method VersioningTimestamp.firstCommitWins()[pri:0, instance:org.jpwh.test.concurrency.VersioningTimestamp@1830ec7] should have thrown an exception of class javax.persistence.OptimisticLockException">
      <![CDATA[org.testng.TestException: 
Method VersioningTimestamp.firstCommitWins()[pri:0, instance:org.jpwh.test.concurrency.VersioningTimestamp@1830ec7] should have thrown an exception of class javax.persistence.OptimisticLockException
Method VersioningTimestamp.firstCommitWins()[pri:0, instance:org.jpwh.test.concurrency.VersioningTimestamp@1830ec7] should have thrown an exception of class javax.persistence.OptimisticLockException
	... 25 more
... Removed 33 stack frames]]>
    </failure>
  </testcase> <!-- firstCommitWins -->
  <testcase name="autoCommit" time="0.031" classname="org.jpwh.test.concurrency.NonTransactional"/>
</testsuite> <!-- Concurrency Control -->
