<?xml version="1.0" encoding="UTF-8"?>
<!-- Generated by org.testng.reporters.JUnitXMLReporter -->
<testsuite hostname="HannibalDev14VM" name="Conversations" tests="3" failures="0" timestamp="9 Sep 2017 07:21:26 GMT" time="3.766" errors="0">
  <testcase name="businessKeyEquality" time="0.0" classname="org.jpwh.test.conversation.Detached"/>
  <testcase name="conversationCreateItem" time="0.016" classname="org.jpwh.test.conversation.ExtendedPC"/>
  <testcase name="conversationEditItem" time="0.016" classname="org.jpwh.test.conversation.ExtendedPC"/>
</testsuite> <!-- Conversations -->
