<?xml version="1.0" encoding="UTF-8"?>
<!-- Generated by org.testng.reporters.JUnitXMLReporter -->
<testsuite hostname="HannibalDev14VM" name="Custom SQL" tests="4" failures="0" timestamp="9 Sep 2017 07:50:32 GMT" time="859.249" errors="0">
  <testcase name="@BeforeMethod beforeMethod" time="0.0" classname="org.jpwh.test.customsql.CustomSQL">
    <failure type="java.lang.OutOfMemoryError" message="Java heap space">
      <![CDATA[java.lang.OutOfMemoryError: Java heap space
]]>
    </failure>
  </testcase> <!-- @BeforeMethod beforeMethod -->
  <testcase name="@AfterMethod afterMethod" time="0.0" classname="org.jpwh.test.customsql.CustomSQL">
    <failure type="java.lang.OutOfMemoryError" message="Java heap space">
      <![CDATA[java.lang.OutOfMemoryError: Java heap space
]]>
    </failure>
  </testcase> <!-- @AfterMethod afterMethod -->
  <testcase name="@BeforeMethod beforeMethod" time="0.0" classname="org.jpwh.test.customsql.CustomSQL">
    <skipped/>
  </testcase> <!-- @BeforeMethod beforeMethod -->
  <testcase name="@AfterMethod afterMethod" time="0.0" classname="org.jpwh.test.customsql.CustomSQL">
    <failure type="java.lang.OutOfMemoryError" message="Java heap space">
      <![CDATA[java.lang.OutOfMemoryError: Java heap space
]]>
    </failure>
  </testcase> <!-- @AfterMethod afterMethod -->
  <testcase name="@BeforeMethod beforeMethod" time="0.0" classname="org.jpwh.test.customsql.CustomSQL">
    <skipped/>
  </testcase> <!-- @BeforeMethod beforeMethod -->
  <testcase name="@AfterMethod afterMethod" time="0.0" classname="org.jpwh.test.customsql.CustomSQL">
    <failure type="java.lang.OutOfMemoryError" message="Java heap space">
      <![CDATA[java.lang.OutOfMemoryError: Java heap space
]]>
    </failure>
  </testcase> <!-- @AfterMethod afterMethod -->
  <testcase name="@BeforeMethod beforeMethod" time="0.0" classname="org.jpwh.test.customsql.CustomSQL">
    <skipped/>
  </testcase> <!-- @BeforeMethod beforeMethod -->
  <testcase name="@AfterMethod afterMethod" time="0.0" classname="org.jpwh.test.customsql.CustomSQL">
    <failure type="java.lang.OutOfMemoryError" message="Java heap space">
      <![CDATA[java.lang.OutOfMemoryError: Java heap space
]]>
    </failure>
  </testcase> <!-- @AfterMethod afterMethod -->
  <testcase name="delete" time="0.0" classname="org.jpwh.test.customsql.CustomSQL">
    <skipped/>
  </testcase> <!-- delete -->
  <testcase name="read" time="0.0" classname="org.jpwh.test.customsql.CustomSQL">
    <skipped/>
  </testcase> <!-- read -->
  <testcase name="readRestrictedCollection" time="0.0" classname="org.jpwh.test.customsql.CustomSQL">
    <skipped/>
  </testcase> <!-- readRestrictedCollection -->
  <testcase name="update" time="0.0" classname="org.jpwh.test.customsql.CustomSQL">
    <skipped/>
  </testcase> <!-- update -->
</testsuite> <!-- Custom SQL -->
