<?xml version="1.0" encoding="UTF-8"?>
<!-- Generated by org.testng.reporters.JUnitXMLReporter -->
<testsuite hostname="HannibalDev14VM" name="Fetching" tests="21" failures="0" timestamp="9 Sep 2017 07:21:54 GMT" time="27.782" errors="0">
  <testcase name="fetchCollectionBatches" time="0.046" classname="org.jpwh.test.fetching.Batch"/>
  <testcase name="fetchProxyBatches" time="0.031" classname="org.jpwh.test.fetching.Batch"/>
  <testcase name="lazyBasic" time="0.016" classname="org.jpwh.test.fetching.LazyInterception"/>
  <testcase name="noUserProxy" time="0.016" classname="org.jpwh.test.fetching.LazyInterception"/>
  <testcase name="fetchCollections" time="0.031" classname="org.jpwh.test.fetching.CartesianProduct"/>
  <testcase name="lazyCollections" time="0.032" classname="org.jpwh.test.fetching.LazyProxyCollections"/>
  <testcase name="lazyEntityProxies" time="0.046" classname="org.jpwh.test.fetching.LazyProxyCollections"/>
  <testcase name="fetchEagerJoin" time="0.016" classname="org.jpwh.test.fetching.EagerJoin"/>
  <testcase name="fetchBids" time="0.031" classname="org.jpwh.test.fetching.NPlusOneSelects"/>
  <testcase name="fetchUsers" time="0.016" classname="org.jpwh.test.fetching.NPlusOneSelects"/>
  <testcase name="fetchBids" time="0.031" classname="org.jpwh.test.fetching.EagerQuery"/>
  <testcase name="fetchUsers" time="0.031" classname="org.jpwh.test.fetching.EagerQuery"/>
  <testcase name="fetchWithProfile" time="0.031" classname="org.jpwh.test.fetching.Profile"/>
  <testcase name="fetchEagerSelect" time="0.016" classname="org.jpwh.test.fetching.EagerSelect"/>
  <testcase name="immutableEntity" time="0.063" classname="org.jpwh.test.fetching.ReadOnly"/>
  <testcase name="selectiveReadOnly" time="0.031" classname="org.jpwh.test.fetching.ReadOnly"/>
  <testcase name="loadBidBidderItem" time="0.031" classname="org.jpwh.test.fetching.FetchLoadGraph"/>
  <testcase name="loadBidBidderItemSellerBids" time="0.016" classname="org.jpwh.test.fetching.FetchLoadGraph"/>
  <testcase name="loadItem" time="0.031" classname="org.jpwh.test.fetching.FetchLoadGraph"/>
  <testcase name="loadItemSeller" time="0.032" classname="org.jpwh.test.fetching.FetchLoadGraph"/>
  <testcase name="fetchCollectionSubselect" time="0.063" classname="org.jpwh.test.fetching.Subselect"/>
</testsuite> <!-- Fetching -->
