<?xml version="1.0" encoding="UTF-8"?>
<!-- Generated by org.testng.reporters.JUnitXMLReporter -->
<testsuite hostname="HannibalDev14VM" name="Filtering" tests="8" failures="1" timestamp="9 Sep 2017 07:22:32 GMT" time="38.33" errors="0">
  <testcase name="writeAuditLog" time="0.032" classname="org.jpwh.test.filtering.AuditLogging"/>
  <testcase name="notifyPostPersist" time="0.0" classname="org.jpwh.test.filtering.Callback"/>
  <testcase name="detachMerge" time="0.016" classname="org.jpwh.test.filtering.Cascade"/>
  <testcase name="refresh" time="0.015" classname="org.jpwh.test.filtering.Cascade"/>
  <testcase name="replicate" time="0.016" classname="org.jpwh.test.filtering.Cascade"/>
  <testcase name="filterCollection" time="0.016" classname="org.jpwh.test.filtering.DynamicFilter"/>
  <testcase name="filterItems" time="0.031" classname="org.jpwh.test.filtering.DynamicFilter"/>
  <testcase name="auditLogging" time="0.141" classname="org.jpwh.test.filtering.Envers">
    <failure type="java.lang.AssertionError" message="expected [Foo] but found [Bar]">
      <![CDATA[java.lang.AssertionError: expected [Foo] but found [Bar]
	at org.jpwh.test.filtering.Envers.auditLogging(Envers.java:177)
... Removed 38 stack frames]]>
    </failure>
  </testcase> <!-- auditLogging -->
</testsuite> <!-- Filtering -->
