<?xml version="1.0" encoding="UTF-8"?>
<!-- Generated by org.testng.reporters.JUnitXMLReporter -->
<testsuite hostname="HannibalDev14VM" name="Inheritance Mappings" tests="24" failures="0" timestamp="9 Sep 2017 07:19:37 GMT" time="54.177" errors="0">
  <testcase name="storeAndLoad" time="0.047" classname="org.jpwh.test.inheritance.Embeddable"/>
  <testcase name="storeBillingDetailsLoadCreditCards" time="0.016" classname="org.jpwh.test.inheritance.Joined"/>
  <testcase name="jdbcBillingDetailsSqlQuery" time="0.015" classname="org.jpwh.test.inheritance.Joined"/>
  <testcase name="jdbcCreditCardSqlQuery" time="0.016" classname="org.jpwh.test.inheritance.Joined"/>
  <testcase name="storeLoadBillingDetails" time="0.031" classname="org.jpwh.test.inheritance.Joined"/>
  <testcase name="storeBillingDetailsLoadCreditCards" time="0.0" classname="org.jpwh.test.inheritance.MappedSuperclass"/>
  <testcase name="jdbcSqlQueryBankAccount" time="0.015" classname="org.jpwh.test.inheritance.MappedSuperclass"/>
  <testcase name="jdbcSqlQueryCreditCard" time="0.016" classname="org.jpwh.test.inheritance.MappedSuperclass"/>
  <testcase name="storeLoadBillingDetails" time="0.016" classname="org.jpwh.test.inheritance.MappedSuperclass"/>
  <testcase name="storeBillingDetailsLoadCreditCards" time="0.016" classname="org.jpwh.test.inheritance.Mixed"/>
  <testcase name="jdbcBillingDetailsSqlQuery" time="0.016" classname="org.jpwh.test.inheritance.Mixed"/>
  <testcase name="storeLoadBillingDetails" time="0.0" classname="org.jpwh.test.inheritance.Mixed"/>
  <testcase name="storeBillingDetailsLoadCreditCards" time="0.016" classname="org.jpwh.test.inheritance.MixedFetchSelect"/>
  <testcase name="jdbcBillingDetailsSqlQuery" time="0.016" classname="org.jpwh.test.inheritance.MixedFetchSelect"/>
  <testcase name="storeLoadBillingDetails" time="0.0" classname="org.jpwh.test.inheritance.MixedFetchSelect"/>
  <testcase name="storeAndLoadItemBids" time="0.032" classname="org.jpwh.test.inheritance.PolymorphicManyToOne"/>
  <testcase name="storeAndLoadItemBids" time="0.078" classname="org.jpwh.test.inheritance.PolymorphicOneToMany"/>
  <testcase name="storeBillingDetailsLoadCreditCards" time="0.016" classname="org.jpwh.test.inheritance.SingleTable"/>
  <testcase name="jdbcBillingDetailsSqlQuery" time="0.0" classname="org.jpwh.test.inheritance.SingleTable"/>
  <testcase name="jdbcCreditCardSqlQuery" time="0.0" classname="org.jpwh.test.inheritance.SingleTable"/>
  <testcase name="storeLoadBillingDetails" time="0.0" classname="org.jpwh.test.inheritance.SingleTable"/>
  <testcase name="storeBillingDetailsLoadCreditCards" time="0.015" classname="org.jpwh.test.inheritance.TablePerClass"/>
  <testcase name="jdbcBillingDetailsSqlQuery" time="0.016" classname="org.jpwh.test.inheritance.TablePerClass"/>
  <testcase name="storeLoadBillingDetails" time="0.0" classname="org.jpwh.test.inheritance.TablePerClass"/>
</testsuite> <!-- Inheritance Mappings -->
