<?xml version="1.0" encoding="UTF-8"?>
<!-- Generated by org.testng.reporters.JUnitXMLReporter -->
<testsuite hostname="HannibalDev14VM" name="Querying" tests="35" failures="0" timestamp="9 Sep 2017 07:36:12 GMT" time="819.997" errors="0">
  <testcase name="@BeforeMethod beforeMethod" time="0.0" classname="org.jpwh.test.querying.jpql.Joins">
    <failure type="java.lang.OutOfMemoryError" message="Java heap space">
      <![CDATA[java.lang.OutOfMemoryError: Java heap space
]]>
    </failure>
  </testcase> <!-- @BeforeMethod beforeMethod -->
  <testcase name="@BeforeClass beforeClass" time="0.0" classname="org.jpwh.test.querying.sql.HibernateSQLQueries">
    <skipped/>
  </testcase> <!-- @BeforeClass beforeClass -->
  <testcase name="@BeforeMethod beforeMethod" time="0.0" classname="org.jpwh.test.querying.sql.HibernateSQLQueries">
    <skipped/>
  </testcase> <!-- @BeforeMethod beforeMethod -->
  <testcase name="@BeforeMethod beforeMethod" time="0.0" classname="org.jpwh.test.querying.sql.HibernateSQLQueries">
    <skipped/>
  </testcase> <!-- @BeforeMethod beforeMethod -->
  <testcase name="@BeforeClass beforeClass" time="0.0" classname="org.jpwh.test.querying.jpql.Projection">
    <skipped/>
  </testcase> <!-- @BeforeClass beforeClass -->
  <testcase name="@BeforeMethod beforeMethod" time="0.0" classname="org.jpwh.test.querying.jpql.Projection">
    <skipped/>
  </testcase> <!-- @BeforeMethod beforeMethod -->
  <testcase name="@BeforeMethod beforeMethod" time="0.0" classname="org.jpwh.test.querying.jpql.Projection">
    <skipped/>
  </testcase> <!-- @BeforeMethod beforeMethod -->
  <testcase name="@BeforeClass beforeClass" time="0.0" classname="org.jpwh.test.querying.sql.JDBCFallback">
    <skipped/>
  </testcase> <!-- @BeforeClass beforeClass -->
  <testcase name="@BeforeMethod beforeMethod" time="0.0" classname="org.jpwh.test.querying.sql.JDBCFallback">
    <skipped/>
  </testcase> <!-- @BeforeMethod beforeMethod -->
  <testcase name="@BeforeClass beforeClass" time="0.0" classname="org.jpwh.test.querying.jpql.Selection">
    <skipped/>
  </testcase> <!-- @BeforeClass beforeClass -->
  <testcase name="@BeforeMethod beforeMethod" time="0.0" classname="org.jpwh.test.querying.jpql.Selection">
    <skipped/>
  </testcase> <!-- @BeforeMethod beforeMethod -->
  <testcase name="@BeforeClass beforeClass" time="0.0" classname="org.jpwh.test.querying.jpql.Grouping">
    <skipped/>
  </testcase> <!-- @BeforeClass beforeClass -->
  <testcase name="@BeforeMethod beforeMethod" time="0.0" classname="org.jpwh.test.querying.jpql.Grouping">
    <skipped/>
  </testcase> <!-- @BeforeMethod beforeMethod -->
  <testcase name="@BeforeClass beforeClass" time="0.0" classname="org.jpwh.test.querying.criteria.Joins">
    <skipped/>
  </testcase> <!-- @BeforeClass beforeClass -->
  <testcase name="@BeforeMethod beforeMethod" time="0.0" classname="org.jpwh.test.querying.criteria.Joins">
    <skipped/>
  </testcase> <!-- @BeforeMethod beforeMethod -->
  <testcase name="@BeforeClass beforeClass" time="0.0" classname="org.jpwh.test.querying.criteria.Projection">
    <skipped/>
  </testcase> <!-- @BeforeClass beforeClass -->
  <testcase name="@BeforeMethod beforeMethod" time="0.0" classname="org.jpwh.test.querying.criteria.Projection">
    <skipped/>
  </testcase> <!-- @BeforeMethod beforeMethod -->
  <testcase name="@BeforeMethod beforeMethod" time="0.0" classname="org.jpwh.test.querying.criteria.Projection">
    <skipped/>
  </testcase> <!-- @BeforeMethod beforeMethod -->
  <testcase name="@BeforeClass beforeClass" time="0.0" classname="org.jpwh.test.querying.jpql.Restriction">
    <skipped/>
  </testcase> <!-- @BeforeClass beforeClass -->
  <testcase name="@BeforeMethod beforeMethod" time="0.0" classname="org.jpwh.test.querying.jpql.Restriction">
    <skipped/>
  </testcase> <!-- @BeforeMethod beforeMethod -->
  <testcase name="@BeforeMethod beforeMethod" time="0.0" classname="org.jpwh.test.querying.jpql.Restriction">
    <skipped/>
  </testcase> <!-- @BeforeMethod beforeMethod -->
  <testcase name="@BeforeClass beforeClass" time="0.0" classname="org.jpwh.test.querying.criteria.Selection">
    <skipped/>
  </testcase> <!-- @BeforeClass beforeClass -->
  <testcase name="@BeforeMethod beforeMethod" time="0.0" classname="org.jpwh.test.querying.criteria.Selection">
    <skipped/>
  </testcase> <!-- @BeforeMethod beforeMethod -->
  <testcase name="@BeforeClass beforeClass" time="0.0" classname="org.jpwh.test.querying.jpql.Subselects">
    <skipped/>
  </testcase> <!-- @BeforeClass beforeClass -->
  <testcase name="@BeforeMethod beforeMethod" time="0.0" classname="org.jpwh.test.querying.jpql.Subselects">
    <skipped/>
  </testcase> <!-- @BeforeMethod beforeMethod -->
  <testcase name="@BeforeClass beforeClass" time="0.0" classname="org.jpwh.test.querying.criteria.Grouping">
    <skipped/>
  </testcase> <!-- @BeforeClass beforeClass -->
  <testcase name="@BeforeMethod beforeMethod" time="0.0" classname="org.jpwh.test.querying.criteria.Grouping">
    <skipped/>
  </testcase> <!-- @BeforeMethod beforeMethod -->
  <testcase name="@BeforeClass beforeClass" time="0.0" classname="org.jpwh.test.querying.criteria.Restriction">
    <skipped/>
  </testcase> <!-- @BeforeClass beforeClass -->
  <testcase name="@BeforeMethod beforeMethod" time="0.0" classname="org.jpwh.test.querying.criteria.Restriction">
    <skipped/>
  </testcase> <!-- @BeforeMethod beforeMethod -->
  <testcase name="@BeforeMethod beforeMethod" time="0.0" classname="org.jpwh.test.querying.criteria.Restriction">
    <skipped/>
  </testcase> <!-- @BeforeMethod beforeMethod -->
  <testcase name="@BeforeClass beforeClass" time="0.0" classname="org.jpwh.test.querying.criteria.Subselects">
    <skipped/>
  </testcase> <!-- @BeforeClass beforeClass -->
  <testcase name="@BeforeMethod beforeMethod" time="0.0" classname="org.jpwh.test.querying.criteria.Subselects">
    <skipped/>
  </testcase> <!-- @BeforeMethod beforeMethod -->
  <testcase name="@BeforeClass beforeClass" time="0.0" classname="org.jpwh.test.querying.advanced.FilterCollections">
    <skipped/>
  </testcase> <!-- @BeforeClass beforeClass -->
  <testcase name="@BeforeMethod beforeMethod" time="0.0" classname="org.jpwh.test.querying.advanced.FilterCollections">
    <skipped/>
  </testcase> <!-- @BeforeMethod beforeMethod -->
  <testcase name="@BeforeClass beforeClass" time="0.0" classname="org.jpwh.test.querying.advanced.HibernateCriteria">
    <skipped/>
  </testcase> <!-- @BeforeClass beforeClass -->
  <testcase name="@BeforeMethod beforeMethod" time="0.0" classname="org.jpwh.test.querying.advanced.HibernateCriteria">
    <skipped/>
  </testcase> <!-- @BeforeMethod beforeMethod -->
  <testcase name="@BeforeMethod beforeMethod" time="0.0" classname="org.jpwh.test.querying.advanced.HibernateCriteria">
    <skipped/>
  </testcase> <!-- @BeforeMethod beforeMethod -->
  <testcase name="@BeforeClass beforeClass" time="0.0" classname="org.jpwh.test.querying.advanced.TransformResults">
    <skipped/>
  </testcase> <!-- @BeforeClass beforeClass -->
  <testcase name="@BeforeMethod beforeMethod" time="0.0" classname="org.jpwh.test.querying.advanced.TransformResults">
    <skipped/>
  </testcase> <!-- @BeforeMethod beforeMethod -->
  <testcase name="@BeforeClass beforeClass" time="0.0" classname="org.jpwh.test.querying.sql.NativeQueries">
    <skipped/>
  </testcase> <!-- @BeforeClass beforeClass -->
  <testcase name="@BeforeMethod beforeMethod" time="0.0" classname="org.jpwh.test.querying.sql.NativeQueries">
    <skipped/>
  </testcase> <!-- @BeforeMethod beforeMethod -->
  <testcase name="@BeforeMethod beforeMethod" time="0.0" classname="org.jpwh.test.querying.sql.NativeQueries">
    <skipped/>
  </testcase> <!-- @BeforeMethod beforeMethod -->
  <testcase name="@BeforeClass beforeClass" time="0.0" classname="org.jpwh.test.querying.criteria.Typesafe">
    <skipped/>
  </testcase> <!-- @BeforeClass beforeClass -->
  <testcase name="@BeforeMethod beforeMethod" time="0.0" classname="org.jpwh.test.querying.criteria.Typesafe">
    <skipped/>
  </testcase> <!-- @BeforeMethod beforeMethod -->
  <testcase name="createHibernateQueries" time="0.063" classname="org.jpwh.test.querying.CreateExecuteQueries"/>
  <testcase name="createNamedQueries" time="0.047" classname="org.jpwh.test.querying.CreateExecuteQueries"/>
  <testcase name="createQueries" time="0.047" classname="org.jpwh.test.querying.CreateExecuteQueries"/>
  <testcase name="createTypedQueries" time="0.063" classname="org.jpwh.test.querying.CreateExecuteQueries"/>
  <testcase name="executeQueries" time="0.078" classname="org.jpwh.test.querying.CreateExecuteQueries"/>
  <testcase name="namedQueries" time="0.047" classname="org.jpwh.test.querying.CreateExecuteQueries"/>
  <testcase name="pagination" time="1.016" classname="org.jpwh.test.querying.CreateExecuteQueries"/>
  <testcase name="parameterBinding" time="1.14" classname="org.jpwh.test.querying.CreateExecuteQueries"/>
  <testcase name="queryHints" time="3.047" classname="org.jpwh.test.querying.CreateExecuteQueries"/>
  <testcase name="executeQueries" time="0.0" classname="org.jpwh.test.querying.jpql.Joins">
    <skipped/>
  </testcase> <!-- executeQueries -->
  <testcase name="executeQueries" time="0.0" classname="org.jpwh.test.querying.sql.HibernateSQLQueries">
    <skipped/>
  </testcase> <!-- executeQueries -->
  <testcase name="executeRecursiveQueries" time="0.0" classname="org.jpwh.test.querying.sql.HibernateSQLQueries">
    <skipped/>
  </testcase> <!-- executeRecursiveQueries -->
  <testcase name="executeQueries" time="0.0" classname="org.jpwh.test.querying.jpql.Projection">
    <skipped/>
  </testcase> <!-- executeQueries -->
  <testcase name="executeQueriesWithFunctions" time="0.0" classname="org.jpwh.test.querying.jpql.Projection">
    <skipped/>
  </testcase> <!-- executeQueriesWithFunctions -->
  <testcase name="queryItems" time="0.0" classname="org.jpwh.test.querying.sql.JDBCFallback">
    <skipped/>
  </testcase> <!-- queryItems -->
  <testcase name="executeQueries" time="0.0" classname="org.jpwh.test.querying.jpql.Selection">
    <skipped/>
  </testcase> <!-- executeQueries -->
  <testcase name="executeQueries" time="0.0" classname="org.jpwh.test.querying.jpql.Grouping">
    <skipped/>
  </testcase> <!-- executeQueries -->
  <testcase name="executeQueries" time="0.0" classname="org.jpwh.test.querying.criteria.Joins">
    <skipped/>
  </testcase> <!-- executeQueries -->
  <testcase name="executeQueries" time="0.0" classname="org.jpwh.test.querying.criteria.Projection">
    <skipped/>
  </testcase> <!-- executeQueries -->
  <testcase name="executeQueriesWithFunctions" time="0.0" classname="org.jpwh.test.querying.criteria.Projection">
    <skipped/>
  </testcase> <!-- executeQueriesWithFunctions -->
  <testcase name="executeQueries" time="0.0" classname="org.jpwh.test.querying.jpql.Restriction">
    <skipped/>
  </testcase> <!-- executeQueries -->
  <testcase name="executeQueriesWithFunctions" time="0.0" classname="org.jpwh.test.querying.jpql.Restriction">
    <skipped/>
  </testcase> <!-- executeQueriesWithFunctions -->
  <testcase name="executeQueries" time="0.0" classname="org.jpwh.test.querying.criteria.Selection">
    <skipped/>
  </testcase> <!-- executeQueries -->
  <testcase name="executeQueries" time="0.0" classname="org.jpwh.test.querying.jpql.Subselects">
    <skipped/>
  </testcase> <!-- executeQueries -->
  <testcase name="executeQueries" time="0.0" classname="org.jpwh.test.querying.criteria.Grouping">
    <skipped/>
  </testcase> <!-- executeQueries -->
  <testcase name="executeQueries" time="0.0" classname="org.jpwh.test.querying.criteria.Restriction">
    <skipped/>
  </testcase> <!-- executeQueries -->
  <testcase name="executeQueriesWithFunctions" time="0.0" classname="org.jpwh.test.querying.criteria.Restriction">
    <skipped/>
  </testcase> <!-- executeQueriesWithFunctions -->
  <testcase name="executeQueries" time="0.0" classname="org.jpwh.test.querying.criteria.Subselects">
    <skipped/>
  </testcase> <!-- executeQueries -->
  <testcase name="executeQueries" time="0.0" classname="org.jpwh.test.querying.advanced.FilterCollections">
    <skipped/>
  </testcase> <!-- executeQueries -->
  <testcase name="executeQueries" time="0.0" classname="org.jpwh.test.querying.advanced.HibernateCriteria">
    <skipped/>
  </testcase> <!-- executeQueries -->
  <testcase name="foo" time="0.0" classname="org.jpwh.test.querying.advanced.HibernateCriteria">
    <skipped/>
  </testcase> <!-- foo -->
  <testcase name="executeQueries" time="0.0" classname="org.jpwh.test.querying.advanced.TransformResults">
    <skipped/>
  </testcase> <!-- executeQueries -->
  <testcase name="executeQueries" time="0.0" classname="org.jpwh.test.querying.sql.NativeQueries">
    <skipped/>
  </testcase> <!-- executeQueries -->
  <testcase name="executeRecursiveQueries" time="0.0" classname="org.jpwh.test.querying.sql.NativeQueries">
    <skipped/>
  </testcase> <!-- executeRecursiveQueries -->
  <testcase name="executeQueries" time="0.0" classname="org.jpwh.test.querying.criteria.Typesafe">
    <skipped/>
  </testcase> <!-- executeQueries -->
</testsuite> <!-- Querying -->
