<?xml version="1.0" encoding="UTF-8"?>
<!-- Generated by org.testng.reporters.JUnitXMLReporter -->
<testsuite hostname="HannibalDev14VM" name="Simple Mappings" tests="24" failures="0" timestamp="9 Sep 2017 07:18:42 GMT" time="41.645" errors="0">
  <testcase name="accessDynamicMetamodel" time="0.0" classname="org.jpwh.test.simple.AccessJPAMetamodel"/>
  <testcase name="accessStaticMetamodel" time="0.0" classname="org.jpwh.test.simple.AccessJPAMetamodel"/>
  <testcase name="queryStaticMetamodel" time="0.421" classname="org.jpwh.test.simple.AccessJPAMetamodel"/>
  <testcase name="basicUOW" time="0.016" classname="org.jpwh.test.simple.SimpleTransitions"/>
  <testcase name="detach" time="0.047" classname="org.jpwh.test.simple.SimpleTransitions"/>
  <testcase name="flushModeType" time="0.032" classname="org.jpwh.test.simple.SimpleTransitions"/>
  <testcase name="makePersistent" time="0.016" classname="org.jpwh.test.simple.SimpleTransitions"/>
  <testcase name="makeTransient" time="0.031" classname="org.jpwh.test.simple.SimpleTransitions"/>
  <testcase name="mergeDetached" time="0.031" classname="org.jpwh.test.simple.SimpleTransitions"/>
  <testcase name="refresh" time="0.031" classname="org.jpwh.test.simple.SimpleTransitions"/>
  <testcase name="replicate" time="0.032" classname="org.jpwh.test.simple.SimpleTransitions"/>
  <testcase name="retrievePersistent" time="0.016" classname="org.jpwh.test.simple.SimpleTransitions"/>
  <testcase name="retrievePersistentReference" time="0.015" classname="org.jpwh.test.simple.SimpleTransitions"/>
  <testcase name="scopeOfIdentity" time="0.0" classname="org.jpwh.test.simple.SimpleTransitions"/>
  <testcase name="storeAndQueryItems" time="0.0" classname="org.jpwh.test.simple.CRUD"/>
  <testcase name="storeAndQueryItems" time="0.015" classname="org.jpwh.test.simple.CRUDMetadataHBMXML"/>
  <testcase name="checkMetadataOverride" time="0.0" classname="org.jpwh.test.simple.CRUDMetadataOverrideXML"/>
  <testcase name="storeAndQueryItems" time="0.015" classname="org.jpwh.test.simple.CRUDMetadataOverrideXML"/>
  <testcase name="storeAndQueryItems" time="0.016" classname="org.jpwh.test.simple.CRUDMetadataXML"/>
  <testcase name="storeAndLoadInvalidUsers" time="0.469" classname="org.jpwh.test.simple.MappingEmbeddables"/>
  <testcase name="storeAndLoadUsers" time="0.0" classname="org.jpwh.test.simple.MappingEmbeddables"/>
  <testcase name="storeAndLoadBids" time="0.016" classname="org.jpwh.test.simple.MappingManyToOne"/>
  <testcase name="linkBidAndItem" time="0.015" classname="org.jpwh.test.simple.ModelOperations"/>
  <testcase name="validateItem" time="0.063" classname="org.jpwh.test.simple.ModelOperations"/>
</testsuite> <!-- Simple Mappings -->
